2026-04-22 09:54:10,381 - AutoExecutor - INFO - ============================================================
2026-04-22 09:54:10,381 - AutoExecutor - INFO - 启动抖音私信自动化执行程序
2026-04-22 09:54:10,382 - AutoExecutor - INFO - ============================================================
2026-04-22 09:54:10,567 - AutoExecutor - INFO - 数据库初始化成功
2026-04-22 09:54:10,585 - AutoExecutor - INFO - 今日已发送：0/100
2026-04-22 09:54:11,589 - AutoExecutor - INFO - 抖音窗口已打开：1080x900
2026-04-22 09:54:11,589 - AutoExecutor - INFO - 进入主循环，开始监听...
2026-04-22 09:54:11,590 - AutoExecutor - INFO - 监听间隔：5秒
2026-04-22 09:54:11,590 - AutoExecutor - INFO - 发送间隔：30秒
2026-04-22 09:54:11,590 - AutoExecutor - INFO - 每日上限：100条
2026-04-22 09:54:11,590 - AutoExecutor - INFO - 最大重试：3次
2026-04-22 10:24:32,158 - AutoExecutor - INFO - ============================================================
2026-04-22 10:24:32,158 - AutoExecutor - INFO - 启动抖音私信自动化执行程序
2026-04-22 10:24:32,159 - AutoExecutor - INFO - ============================================================
2026-04-22 10:24:32,339 - AutoExecutor - INFO - 数据库初始化成功
2026-04-22 10:24:32,364 - AutoExecutor - INFO - 今日已发送：0/100
2026-04-22 10:24:33,380 - AutoExecutor - INFO - 抖音窗口已打开：1080x900
2026-04-22 10:24:33,380 - AutoExecutor - INFO - 进入主循环，开始监听...
2026-04-22 10:24:33,380 - AutoExecutor - INFO - 监听间隔：5秒
2026-04-22 10:24:33,380 - AutoExecutor - INFO - 发送间隔：30秒
2026-04-22 10:24:33,380 - AutoExecutor - INFO - 每日上限：100条
2026-04-22 10:24:33,380 - AutoExecutor - INFO - 最大重试：3次
2026-04-22 10:25:32,113 - AutoExecutor - INFO - ============================================================
2026-04-22 10:25:32,113 - AutoExecutor - INFO - 启动抖音私信自动化执行程序
2026-04-22 10:25:32,113 - AutoExecutor - INFO - ============================================================
2026-04-22 10:25:32,127 - AutoExecutor - INFO - 数据库初始化成功
2026-04-22 10:25:32,128 - AutoExecutor - INFO - 今日已发送：0/100
2026-04-22 10:25:33,105 - AutoExecutor - INFO - 抖音窗口已打开：516x489
2026-04-22 10:25:33,105 - AutoExecutor - INFO - 进入主循环，开始监听...
2026-04-22 10:25:33,106 - AutoExecutor - INFO - 监听间隔：5秒
2026-04-22 10:25:33,106 - AutoExecutor - INFO - 发送间隔：30秒
2026-04-22 10:25:33,106 - AutoExecutor - INFO - 每日上限：100条
2026-04-22 10:25:33,106 - AutoExecutor - INFO - 最大重试：3次
2026-04-22 10:25:36,787 - AutoExecutor - INFO - 查询到 1 条待执行消息
2026-04-22 10:25:36,787 - AutoExecutor - INFO - 准备执行消息：86759655452
2026-04-22 10:25:36,787 - AutoExecutor - INFO - 正在发送消息给 86759655452: 今天天气不错...
2026-04-22 10:26:04,879 - AutoExecutor - INFO - ============================================================
2026-04-22 10:26:04,879 - AutoExecutor - INFO - 启动抖音私信自动化执行程序
2026-04-22 10:26:04,879 - AutoExecutor - INFO - ============================================================
2026-04-22 10:26:04,894 - AutoExecutor - INFO - 数据库初始化成功
2026-04-22 10:26:04,896 - AutoExecutor - INFO - 今日已发送：0/100
2026-04-22 10:26:05,877 - AutoExecutor - INFO - 抖音窗口已打开：1080x900
2026-04-22 10:26:05,877 - AutoExecutor - INFO - 进入主循环，开始监听...
2026-04-22 10:26:05,877 - AutoExecutor - INFO - 监听间隔：5秒
2026-04-22 10:26:05,877 - AutoExecutor - INFO - 发送间隔：30秒
2026-04-22 10:26:05,878 - AutoExecutor - INFO - 每日上限：100条
2026-04-22 10:26:05,878 - AutoExecutor - INFO - 最大重试：3次
2026-04-22 10:26:09,544 - AutoExecutor - INFO - 查询到 1 条待执行消息
2026-04-22 10:26:09,544 - AutoExecutor - INFO - 准备执行消息：86759655452
2026-04-22 10:26:09,544 - AutoExecutor - INFO - 正在发送消息给 86759655452: 今天天气不错...
2026-04-22 10:26:27,522 - AutoExecutor - INFO - 消息发送成功：86759655452
2026-04-22 10:26:27,567 - AutoExecutor - INFO - 消息执行成功 (重试0次): 86759655452
2026-04-22 16:00:10,348 - AutoExecutor - INFO - ============================================================
2026-04-22 16:00:10,348 - AutoExecutor - INFO - 启动抖音私信自动化执行程序
2026-04-22 16:00:10,349 - AutoExecutor - INFO - ============================================================
2026-04-22 16:00:10,362 - AutoExecutor - INFO - 数据库初始化成功
2026-04-22 16:00:10,363 - AutoExecutor - INFO - 今日已发送：1/100
2026-04-22 16:00:11,362 - AutoExecutor - INFO - 抖音窗口已打开：1080x900
2026-04-22 16:00:11,362 - AutoExecutor - INFO - 进入主循环，开始监听...
2026-04-22 16:00:11,362 - AutoExecutor - INFO - 监听间隔：5秒
2026-04-22 16:00:11,362 - AutoExecutor - INFO - 发送间隔：30秒
2026-04-22 16:00:11,363 - AutoExecutor - INFO - 每日上限：100条
2026-04-22 16:00:11,363 - AutoExecutor - INFO - 最大重试：3次
2026-04-22 16:00:13,047 - AutoExecutor - INFO - 检测到红点！像素面积：103.5
2026-04-22 16:00:13,810 - AutoExecutor - INFO - ✓ 识别到未读消息数量：1条
2026-04-22 16:00:13,811 - AutoExecutor - INFO - 点击红点进入聊天：(1018, 138)
2026-04-22 16:00:16,662 - AutoExecutor - INFO - ✓ 成功识别 1 条消息
2026-04-22 16:00:16,663 - AutoExecutor - INFO -   消息1: 你好...
2026-04-22 16:00:18,250 - AutoExecutor - INFO - 自动回复消息：你好
2026-04-22 16:00:20,402 - AutoExecutor - INFO - ✓ 监听完成：识别1条消息，已回复
2026-04-22 16:00:20,403 - AutoExecutor - INFO - 检测到新消息并已自动回复
