2026-04-20 15:05:22,379 - AutoExecutor - INFO - ============================================================
2026-04-20 15:05:22,379 - AutoExecutor - INFO - 启动抖音私信自动化执行程序
2026-04-20 15:05:22,380 - AutoExecutor - INFO - ============================================================
2026-04-20 15:05:22,511 - AutoExecutor - INFO - 数据库初始化成功
2026-04-20 15:05:22,526 - AutoExecutor - INFO - 今日已发送：0/100
2026-04-20 15:05:23,538 - AutoExecutor - INFO - 抖音窗口已打开：1080x900
2026-04-20 15:05:23,539 - AutoExecutor - INFO - 进入主循环，开始监听...
2026-04-20 15:05:23,540 - AutoExecutor - INFO - 监听间隔：5秒
2026-04-20 15:05:23,540 - AutoExecutor - INFO - 发送间隔：30秒
2026-04-20 15:05:23,540 - AutoExecutor - INFO - 每日上限：100条
2026-04-20 15:05:23,540 - AutoExecutor - INFO - 最大重试：3次
2026-04-20 15:14:06,236 - AutoExecutor - INFO - ============================================================
2026-04-20 15:14:06,236 - AutoExecutor - INFO - 启动抖音私信自动化执行程序
2026-04-20 15:14:06,237 - AutoExecutor - INFO - ============================================================
2026-04-20 15:14:06,356 - AutoExecutor - INFO - 数据库初始化成功
2026-04-20 15:14:06,372 - AutoExecutor - INFO - 今日已发送：0/100
2026-04-20 15:14:07,398 - AutoExecutor - INFO - 抖音窗口已打开：1080x900
2026-04-20 15:14:07,398 - AutoExecutor - INFO - 进入主循环，开始监听...
2026-04-20 15:14:07,398 - AutoExecutor - INFO - 监听间隔：5秒
2026-04-20 15:14:07,399 - AutoExecutor - INFO - 发送间隔：30秒
2026-04-20 15:14:07,399 - AutoExecutor - INFO - 每日上限：100条
2026-04-20 15:14:07,399 - AutoExecutor - INFO - 最大重试：3次
2026-04-20 15:14:41,367 - AutoExecutor - INFO - 检测到红点！像素面积：103.5
2026-04-20 15:14:42,201 - AutoExecutor - INFO - 检测到未读消息数量：1
2026-04-20 15:14:42,201 - AutoExecutor - INFO - 点击红点进入聊天：(1018, 138)
2026-04-20 15:14:44,908 - AutoExecutor - INFO - 自动回复消息：你好
2026-04-20 15:14:45,541 - AutoExecutor - INFO - 检测到新消息并已自动回复
2026-04-20 15:27:06,835 - AutoExecutor - INFO - ============================================================
2026-04-20 15:27:06,835 - AutoExecutor - INFO - 启动抖音私信自动化执行程序
2026-04-20 15:27:06,836 - AutoExecutor - INFO - ============================================================
2026-04-20 15:27:06,948 - AutoExecutor - INFO - 数据库初始化成功
2026-04-20 15:27:06,967 - AutoExecutor - INFO - 今日已发送：0/100
2026-04-20 15:27:07,968 - AutoExecutor - INFO - 抖音窗口已打开：1080x900
2026-04-20 15:27:07,968 - AutoExecutor - INFO - 进入主循环，开始监听...
2026-04-20 15:27:07,968 - AutoExecutor - INFO - 监听间隔：5秒
2026-04-20 15:27:07,968 - AutoExecutor - INFO - 发送间隔：30秒
2026-04-20 15:27:07,969 - AutoExecutor - INFO - 每日上限：100条
2026-04-20 15:27:07,969 - AutoExecutor - INFO - 最大重试：3次
2026-04-20 15:27:11,151 - AutoExecutor - INFO - 查询到 1 条待执行消息
2026-04-20 15:27:11,151 - AutoExecutor - INFO - 准备执行消息：86759655452
2026-04-20 15:27:11,151 - AutoExecutor - INFO - 正在发送消息给 86759655452: 今天天气真好...
2026-04-20 15:27:19,822 - AutoExecutor - INFO - 消息发送成功：86759655452
2026-04-20 15:27:19,877 - AutoExecutor - INFO - 消息执行成功 (重试0次): 86759655452
2026-04-20 15:28:07,012 - AutoExecutor - INFO - 检测到红点！像素面积：199.0
2026-04-20 15:28:09,633 - AutoExecutor - INFO - 检测到未读消息数量：0
2026-04-20 15:28:09,633 - AutoExecutor - INFO - 点击红点进入聊天：(858, 493)
2026-04-20 15:28:12,349 - AutoExecutor - INFO - 自动回复消息：你好
2026-04-20 15:28:12,983 - AutoExecutor - INFO - 检测到新消息并已自动回复
2026-04-20 15:35:26,344 - AutoExecutor - INFO - ============================================================
2026-04-20 15:35:26,345 - AutoExecutor - INFO - 启动抖音私信自动化执行程序
2026-04-20 15:35:26,345 - AutoExecutor - INFO - ============================================================
2026-04-20 15:35:27,093 - AutoExecutor - INFO - 数据库初始化成功
2026-04-20 15:35:27,111 - AutoExecutor - INFO - 今日已发送：1/100
2026-04-20 15:35:28,127 - AutoExecutor - INFO - 抖音窗口已打开：1080x900
2026-04-20 15:35:28,128 - AutoExecutor - INFO - 进入主循环，开始监听...
2026-04-20 15:35:28,128 - AutoExecutor - INFO - 监听间隔：5秒
2026-04-20 15:35:28,128 - AutoExecutor - INFO - 发送间隔：30秒
2026-04-20 15:35:28,128 - AutoExecutor - INFO - 每日上限：100条
2026-04-20 15:35:28,128 - AutoExecutor - INFO - 最大重试：3次
2026-04-20 15:35:31,308 - AutoExecutor - INFO - 查询到 1 条待执行消息
2026-04-20 15:35:31,308 - AutoExecutor - INFO - 准备执行消息：86759655452
2026-04-20 15:35:31,308 - AutoExecutor - INFO - 正在发送消息给 86759655452: 今天天气真好...
2026-04-20 15:35:47,695 - AutoExecutor - INFO - 消息发送成功：86759655452
2026-04-20 15:35:47,751 - AutoExecutor - INFO - 消息执行成功 (重试0次): 86759655452
2026-04-20 15:43:00,894 - AutoExecutor - INFO - ============================================================
2026-04-20 15:43:00,895 - AutoExecutor - INFO - 启动抖音私信自动化执行程序
2026-04-20 15:43:00,895 - AutoExecutor - INFO - ============================================================
2026-04-20 15:43:01,059 - AutoExecutor - INFO - 数据库初始化成功
2026-04-20 15:43:01,077 - AutoExecutor - INFO - 今日已发送：2/100
2026-04-20 15:43:02,054 - AutoExecutor - INFO - 抖音窗口已打开：1080x900
2026-04-20 15:43:02,055 - AutoExecutor - INFO - 进入主循环，开始监听...
2026-04-20 15:43:02,055 - AutoExecutor - INFO - 监听间隔：5秒
2026-04-20 15:43:02,055 - AutoExecutor - INFO - 发送间隔：30秒
2026-04-20 15:43:02,055 - AutoExecutor - INFO - 每日上限：100条
2026-04-20 15:43:02,055 - AutoExecutor - INFO - 最大重试：3次
2026-04-20 15:44:02,659 - AutoExecutor - INFO - 查询到 1 条待执行消息
2026-04-20 15:44:02,659 - AutoExecutor - INFO - 准备执行消息：86759655452
2026-04-20 15:44:02,659 - AutoExecutor - INFO - 正在发送消息给 86759655452: 你好...
2026-04-20 15:44:20,661 - AutoExecutor - INFO - 消息发送成功：86759655452
2026-04-20 15:44:20,713 - AutoExecutor - INFO - 消息执行成功 (重试0次): 86759655452
2026-04-20 15:55:34,186 - AutoExecutor - INFO - ============================================================
2026-04-20 15:55:34,186 - AutoExecutor - INFO - 启动抖音私信自动化执行程序
2026-04-20 15:55:34,186 - AutoExecutor - INFO - ============================================================
2026-04-20 15:55:34,308 - AutoExecutor - INFO - 数据库初始化成功
2026-04-20 15:55:34,322 - AutoExecutor - INFO - 今日已发送：3/100
2026-04-20 15:55:35,331 - AutoExecutor - INFO - 抖音窗口已打开：1080x900
2026-04-20 15:55:35,331 - AutoExecutor - INFO - 进入主循环，开始监听...
2026-04-20 15:55:35,331 - AutoExecutor - INFO - 监听间隔：5秒
2026-04-20 15:55:35,331 - AutoExecutor - INFO - 发送间隔：30秒
2026-04-20 15:55:35,332 - AutoExecutor - INFO - 每日上限：100条
2026-04-20 15:55:35,332 - AutoExecutor - INFO - 最大重试：3次
2026-04-20 15:56:03,383 - AutoExecutor - INFO - 检测到红点！像素面积：103.5
2026-04-20 15:56:04,110 - AutoExecutor - INFO - ✓ 识别到未读消息数量：1条
2026-04-20 15:56:04,110 - AutoExecutor - INFO - 点击红点进入聊天：(585, 138)
2026-04-20 15:56:06,916 - AutoExecutor - INFO - ✓ 成功识别 1 条消息
2026-04-20 15:56:06,916 - AutoExecutor - INFO -   消息1: 86656...
2026-04-20 15:56:08,495 - AutoExecutor - INFO - 自动回复消息：你好
2026-04-20 15:56:10,639 - AutoExecutor - INFO - ✓ 监听完成：识别1条消息，已回复
2026-04-20 15:56:10,640 - AutoExecutor - INFO - 检测到新消息并已自动回复
